<?xml version="1.0" encoding="UTF-8"?>
<coverage generated="1693668802880" clover="3.2.0">
  <project timestamp="1693668802881" name="All files">
    <metrics statements="12" coveredstatements="10" conditionals="1" coveredconditionals="0" methods="3" coveredmethods="1" elements="16" coveredelements="11" complexity="0" loc="12" ncloc="12" packages="1" files="1" classes="1"/>
    <file name="utils.ts" path="D:\finalWorkspace\development\boilerplates\react\testauth\auth\src\pages\auth\__tests__\utils.ts">
      <metrics statements="12" coveredstatements="10" conditionals="1" coveredconditionals="0" methods="3" coveredmethods="1"/>
      <line num="1" count="1" type="stmt"/>
      <line num="3" count="1" type="stmt"/>
      <line num="5" count="1" type="stmt"/>
      <line num="6" count="1" type="stmt"/>
      <line num="7" count="1" type="stmt"/>
      <line num="8" count="1" type="stmt"/>
      <line num="9" count="1" type="stmt"/>
      <line num="13" count="1" type="stmt"/>
      <line num="20" count="0" type="stmt"/>
      <line num="23" count="1" type="stmt"/>
      <line num="24" count="0" type="cond" truecount="0" falsecount="1"/>
      <line num="28" count="1" type="stmt"/>
    </file>
  </project>
</coverage>
