{"D:\\finalWorkspace\\development\\boilerplates\\react\\testauth\\auth\\src\\pages\\auth\\__tests__\\utils.ts": {"path":"D:\\finalWorkspace\\development\\boilerplates\\react\\testauth\\auth\\src\\pages\\auth\\__tests__\\utils.ts","statementMap":{"0":{"start":{"line":1,"column":0},"end":{"line":1,"column":25}},"1":{"start":{"line":3,"column":13},"end":{"line":3,"column":54}},"2":{"start":{"line":5,"column":26},"end":{"line":5,"column":41}},"3":{"start":{"line":6,"column":26},"end":{"line":6,"column":44}},"4":{"start":{"line":7,"column":25},"end":{"line":7,"column":42}},"5":{"start":{"line":9,"column":2},"end":{"line":11,"column":null}},"6":{"start":{"line":8,"column":0},"end":{"line":8,"column":16}},"7":{"start":{"line":20,"column":2},"end":{"line":20,"column":null}},"8":{"start":{"line":13,"column":0},"end":{"line":13,"column":16}},"9":{"start":{"line":23,"column":23},"end":{"line":27,"column":null}},"10":{"start":{"line":24,"column":19},"end":{"line":26,"column":null}},"11":{"start":{"line":24,"column":8},"end":{"line":26,"column":null}},"12":{"start":{"line":23,"column":13},"end":{"line":23,"column":23}},"13":{"start":{"line":28,"column":13},"end":{"line":32,"column":null}}},"fnMap":{"0":{"name":"loginUser","decl":{"start":{"line":8,"column":16},"end":{"line":8,"column":25}},"loc":{"start":{"line":8,"column":70},"end":{"line":12,"column":1}}},"1":{"name":"registerUser","decl":{"start":{"line":13,"column":16},"end":{"line":13,"column":28}},"loc":{"start":{"line":19,"column":1},"end":{"line":21,"column":1}}},"2":{"name":"(anonymous_16)","decl":{"start":{"line":23,"column":23},"end":{"line":23,"column":null}},"loc":{"start":{"line":23,"column":23},"end":{"line":27,"column":null}}}},"branchMap":{"0":{"loc":{"start":{"line":24,"column":19},"end":{"line":26,"column":null}},"type":"switch","locations":[{"start":{"line":24,"column":19},"end":{"line":26,"column":null}}]}},"s":{"0":1,"1":1,"2":1,"3":1,"4":1,"5":1,"6":1,"7":0,"8":1,"9":1,"10":0,"11":0,"12":1,"13":1},"f":{"0":1,"1":0,"2":0},"b":{"0":[0]}}
}
