{"D:\\finalWorkspace\\development\\boilerplates\\react\\autht\\backend\\src\\app.ts": {"path":"D:\\finalWorkspace\\development\\boilerplates\\react\\autht\\backend\\src\\app.ts","statementMap":{"0":{"start":{"line":1,"column":0},"end":{"line":1,"column":52}},"1":{"start":{"line":2,"column":0},"end":{"line":2,"column":27}},"2":{"start":{"line":3,"column":0},"end":{"line":3,"column":null}},"3":{"start":{"line":9,"column":0},"end":{"line":9,"column":40}},"4":{"start":{"line":11,"column":0},"end":{"line":11,"column":23}},"5":{"start":{"line":12,"column":0},"end":{"line":12,"column":44}},"6":{"start":{"line":13,"column":0},"end":{"line":13,"column":50}},"7":{"start":{"line":14,"column":0},"end":{"line":14,"column":50}},"8":{"start":{"line":15,"column":0},"end":{"line":15,"column":32}},"9":{"start":{"line":17,"column":12},"end":{"line":17,"column":21}},"10":{"start":{"line":18,"column":0},"end":{"line":18,"column":null}},"11":{"start":{"line":19,"column":0},"end":{"line":19,"column":null}},"12":{"start":{"line":20,"column":0},"end":{"line":20,"column":null}},"13":{"start":{"line":21,"column":0},"end":{"line":21,"column":null}},"14":{"start":{"line":22,"column":0},"end":{"line":22,"column":null}},"15":{"start":{"line":23,"column":0},"end":{"line":23,"column":null}},"16":{"start":{"line":24,"column":0},"end":{"line":24,"column":null}},"17":{"start":{"line":25,"column":0},"end":{"line":25,"column":null}}},"fnMap":{},"branchMap":{},"s":{"0":2,"1":2,"2":2,"3":2,"4":2,"5":2,"6":2,"7":2,"8":2,"9":2,"10":2,"11":2,"12":2,"13":2,"14":2,"15":2,"16":2,"17":2},"f":{},"b":{}}
,"D:\\finalWorkspace\\development\\boilerplates\\react\\autht\\backend\\src\\controllers\\product.controller.ts": {"path":"D:\\finalWorkspace\\development\\boilerplates\\react\\autht\\backend\\src\\controllers\\product.controller.ts","statementMap":{"0":{"start":{"line":3,"column":0},"end":{"line":3,"column":null}},"1":{"start":{"line":12,"column":8},"end":{"line":12,"column":null}},"2":{"start":{"line":13,"column":8},"end":{"line":13,"column":null}},"3":{"start":{"line":15,"column":18},"end":{"line":15,"column":null}},"4":{"start":{"line":15,"column":8},"end":{"line":15,"column":null}},"5":{"start":{"line":17,"column":2},"end":{"line":17,"column":null}},"6":{"start":{"line":11,"column":0},"end":{"line":11,"column":22}},"7":{"start":{"line":21,"column":8},"end":{"line":21,"column":null}},"8":{"start":{"line":23,"column":8},"end":{"line":23,"column":null}},"9":{"start":{"line":25,"column":18},"end":{"line":25,"column":null}},"10":{"start":{"line":25,"column":8},"end":{"line":25,"column":null}},"11":{"start":{"line":27,"column":2},"end":{"line":29,"column":null}},"12":{"start":{"line":28,"column":4},"end":{"line":28,"column":null}},"13":{"start":{"line":32,"column":25},"end":{"line":34,"column":null}},"14":{"start":{"line":32,"column":8},"end":{"line":34,"column":null}},"15":{"start":{"line":36,"column":2},"end":{"line":36,"column":null}},"16":{"start":{"line":20,"column":0},"end":{"line":20,"column":22}},"17":{"start":{"line":40,"column":19},"end":{"line":40,"column":null}},"18":{"start":{"line":40,"column":8},"end":{"line":40,"column":null}},"19":{"start":{"line":42,"column":2},"end":{"line":44,"column":null}},"20":{"start":{"line":43,"column":4},"end":{"line":43,"column":null}},"21":{"start":{"line":46,"column":2},"end":{"line":46,"column":null}},"22":{"start":{"line":39,"column":0},"end":{"line":39,"column":22}},"23":{"start":{"line":49,"column":8},"end":{"line":49,"column":null}},"24":{"start":{"line":50,"column":18},"end":{"line":50,"column":null}},"25":{"start":{"line":50,"column":8},"end":{"line":50,"column":null}},"26":{"start":{"line":52,"column":2},"end":{"line":54,"column":null}},"27":{"start":{"line":53,"column":4},"end":{"line":53,"column":null}},"28":{"start":{"line":56,"column":2},"end":{"line":56,"column":null}},"29":{"start":{"line":48,"column":0},"end":{"line":48,"column":22}},"30":{"start":{"line":60,"column":8},"end":{"line":60,"column":null}},"31":{"start":{"line":62,"column":18},"end":{"line":62,"column":null}},"32":{"start":{"line":62,"column":8},"end":{"line":62,"column":null}},"33":{"start":{"line":64,"column":2},"end":{"line":66,"column":null}},"34":{"start":{"line":65,"column":4},"end":{"line":65,"column":null}},"35":{"start":{"line":68,"column":2},"end":{"line":68,"column":null}},"36":{"start":{"line":70,"column":2},"end":{"line":70,"column":null}},"37":{"start":{"line":59,"column":0},"end":{"line":59,"column":22}}},"fnMap":{"0":{"name":"createProductHandler","decl":{"start":{"line":11,"column":22},"end":{"line":11,"column":42}},"loc":{"start":{"line":11,"column":70},"end":{"line":18,"column":null}}},"1":{"name":"updateProductHandler","decl":{"start":{"line":20,"column":22},"end":{"line":20,"column":42}},"loc":{"start":{"line":20,"column":70},"end":{"line":37,"column":null}}},"2":{"name":"getProductsHandler","decl":{"start":{"line":39,"column":22},"end":{"line":39,"column":40}},"loc":{"start":{"line":39,"column":68},"end":{"line":47,"column":null}}},"3":{"name":"getProductHandler","decl":{"start":{"line":48,"column":22},"end":{"line":48,"column":39}},"loc":{"start":{"line":48,"column":67},"end":{"line":57,"column":null}}},"4":{"name":"deleteProductHandler","decl":{"start":{"line":59,"column":22},"end":{"line":59,"column":42}},"loc":{"start":{"line":59,"column":70},"end":{"line":71,"column":null}}}},"branchMap":{"0":{"loc":{"start":{"line":27,"column":2},"end":{"line":29,"column":null}},"type":"if","locations":[{"start":{"line":27,"column":2},"end":{"line":29,"column":null}}]},"1":{"loc":{"start":{"line":40,"column":19},"end":{"line":40,"column":null}},"type":"switch","locations":[{"start":{"line":40,"column":19},"end":{"line":40,"column":null}}]},"2":{"loc":{"start":{"line":42,"column":2},"end":{"line":44,"column":null}},"type":"if","locations":[{"start":{"line":42,"column":2},"end":{"line":44,"column":null}}]},"3":{"loc":{"start":{"line":52,"column":2},"end":{"line":54,"column":null}},"type":"if","locations":[{"start":{"line":52,"column":2},"end":{"line":54,"column":null}}]},"4":{"loc":{"start":{"line":64,"column":2},"end":{"line":66,"column":null}},"type":"if","locations":[{"start":{"line":64,"column":2},"end":{"line":66,"column":null}}]}},"s":{"0":2,"1":1,"2":1,"3":1,"4":1,"5":1,"6":2,"7":1,"8":1,"9":1,"10":1,"11":1,"12":0,"13":1,"14":1,"15":1,"16":2,"17":1,"18":1,"19":1,"20":0,"21":1,"22":2,"23":1,"24":1,"25":1,"26":1,"27":0,"28":1,"29":2,"30":1,"31":1,"32":1,"33":1,"34":0,"35":2,"36":1,"37":2},"f":{"0":1,"1":1,"2":1,"3":1,"4":1},"b":{"0":[0],"1":[1],"2":[0],"3":[0],"4":[0]}}
,"D:\\finalWorkspace\\development\\boilerplates\\react\\autht\\backend\\src\\controllers\\session.controller.ts": {"path":"D:\\finalWorkspace\\development\\boilerplates\\react\\autht\\backend\\src\\controllers\\session.controller.ts","statementMap":{"0":{"start":{"line":3,"column":0},"end":{"line":3,"column":null}},"1":{"start":{"line":9,"column":0},"end":{"line":9,"column":44}},"2":{"start":{"line":10,"column":0},"end":{"line":10,"column":66}},"3":{"start":{"line":11,"column":0},"end":{"line":11,"column":56}},"4":{"start":{"line":15,"column":8},"end":{"line":15,"column":30}},"5":{"start":{"line":16,"column":15},"end":{"line":16,"column":null}},"6":{"start":{"line":16,"column":8},"end":{"line":16,"column":null}},"7":{"start":{"line":18,"column":2},"end":{"line":20,"column":null}},"8":{"start":{"line":19,"column":4},"end":{"line":19,"column":null}},"9":{"start":{"line":23,"column":18},"end":{"line":26,"column":null}},"10":{"start":{"line":23,"column":8},"end":{"line":26,"column":null}},"11":{"start":{"line":30,"column":8},"end":{"line":33,"column":null}},"12":{"start":{"line":36,"column":8},"end":{"line":39,"column":null}},"13":{"start":{"line":45,"column":2},"end":{"line":52,"column":null}},"14":{"start":{"line":53,"column":2},"end":{"line":53,"column":null}},"15":{"start":{"line":13,"column":0},"end":{"line":13,"column":22}},"16":{"start":{"line":56,"column":8},"end":{"line":56,"column":null}},"17":{"start":{"line":58,"column":19},"end":{"line":58,"column":null}},"18":{"start":{"line":58,"column":8},"end":{"line":58,"column":null}},"19":{"start":{"line":59,"column":2},"end":{"line":59,"column":null}},"20":{"start":{"line":60,"column":2},"end":{"line":60,"column":null}},"21":{"start":{"line":61,"column":2},"end":{"line":61,"column":null}},"22":{"start":{"line":55,"column":0},"end":{"line":55,"column":22}},"23":{"start":{"line":65,"column":8},"end":{"line":65,"column":null}},"24":{"start":{"line":67,"column":2},"end":{"line":67,"column":null}},"25":{"start":{"line":68,"column":2},"end":{"line":74,"column":null}},"26":{"start":{"line":75,"column":2},"end":{"line":78,"column":null}},"27":{"start":{"line":64,"column":0},"end":{"line":64,"column":22}}},"fnMap":{"0":{"name":"createUserSessionHandler","decl":{"start":{"line":13,"column":22},"end":{"line":13,"column":46}},"loc":{"start":{"line":13,"column":74},"end":{"line":54,"column":null}}},"1":{"name":"getUserSessionsHandler","decl":{"start":{"line":55,"column":22},"end":{"line":55,"column":44}},"loc":{"start":{"line":55,"column":72},"end":{"line":62,"column":null}}},"2":{"name":"deleteSessionHandler","decl":{"start":{"line":64,"column":22},"end":{"line":64,"column":42}},"loc":{"start":{"line":64,"column":70},"end":{"line":79,"column":null}}}},"branchMap":{"0":{"loc":{"start":{"line":18,"column":2},"end":{"line":20,"column":null}},"type":"if","locations":[{"start":{"line":18,"column":2},"end":{"line":20,"column":null}}]},"1":{"loc":{"start":{"line":18,"column":6},"end":{"line":18,"column":48}},"type":"binary-expr","locations":[{"start":{"line":18,"column":6},"end":{"line":18,"column":11}},{"start":{"line":18,"column":15},"end":{"line":18,"column":48}}]},"2":{"loc":{"start":{"line":25,"column":4},"end":{"line":25,"column":31}},"type":"binary-expr","locations":[{"start":{"line":25,"column":4},"end":{"line":25,"column":25}},{"start":{"line":25,"column":29},"end":{"line":25,"column":31}}]}},"s":{"0":2,"1":2,"2":2,"3":2,"4":2,"5":2,"6":2,"7":2,"8":0,"9":2,"10":2,"11":2,"12":2,"13":2,"14":2,"15":2,"16":2,"17":2,"18":2,"19":2,"20":2,"21":2,"22":2,"23":0,"24":0,"25":0,"26":0,"27":2},"f":{"0":2,"1":2,"2":0},"b":{"0":[0],"1":[2,2],"2":[2,2]}}
,"D:\\finalWorkspace\\development\\boilerplates\\react\\autht\\backend\\src\\controllers\\user.controller.ts": {"path":"D:\\finalWorkspace\\development\\boilerplates\\react\\autht\\backend\\src\\controllers\\user.controller.ts","statementMap":{"0":{"start":{"line":2,"column":0},"end":{"line":2,"column":27}},"1":{"start":{"line":4,"column":0},"end":{"line":4,"column":null}},"2":{"start":{"line":10,"column":0},"end":{"line":10,"column":44}},"3":{"start":{"line":13,"column":8},"end":{"line":13,"column":null}},"4":{"start":{"line":15,"column":2},"end":{"line":15,"column":null}},"5":{"start":{"line":19,"column":15},"end":{"line":19,"column":null}},"6":{"start":{"line":19,"column":8},"end":{"line":19,"column":null}},"7":{"start":{"line":20,"column":6},"end":{"line":20,"column":10}},"8":{"start":{"line":21,"column":4},"end":{"line":21,"column":null}},"9":{"start":{"line":23,"column":8},"end":{"line":23,"column":17}},"10":{"start":{"line":24,"column":6},"end":{"line":24,"column":null}},"11":{"start":{"line":26,"column":10},"end":{"line":26,"column":18}},"12":{"start":{"line":28,"column":23},"end":{"line":28,"column":null}},"13":{"start":{"line":28,"column":16},"end":{"line":28,"column":null}},"14":{"start":{"line":29,"column":31},"end":{"line":29,"column":null}},"15":{"start":{"line":29,"column":16},"end":{"line":29,"column":null}},"16":{"start":{"line":31,"column":23},"end":{"line":37,"column":null}},"17":{"start":{"line":31,"column":16},"end":{"line":37,"column":null}},"18":{"start":{"line":39,"column":10},"end":{"line":46,"column":null}},"19":{"start":{"line":40,"column":12},"end":{"line":45,"column":null}},"20":{"start":{"line":54,"column":10},"end":{"line":54,"column":null}},"21":{"start":{"line":55,"column":10},"end":{"line":55,"column":null}},"22":{"start":{"line":58,"column":8},"end":{"line":61,"column":null}},"23":{"start":{"line":64,"column":6},"end":{"line":64,"column":null}},"24":{"start":{"line":12,"column":0},"end":{"line":12,"column":22}},"25":{"start":{"line":70,"column":8},"end":{"line":70,"column":null}},"26":{"start":{"line":71,"column":15},"end":{"line":71,"column":null}},"27":{"start":{"line":71,"column":8},"end":{"line":71,"column":null}},"28":{"start":{"line":73,"column":2},"end":{"line":73,"column":null}},"29":{"start":{"line":69,"column":0},"end":{"line":69,"column":22}},"30":{"start":{"line":77,"column":8},"end":{"line":77,"column":null}},"31":{"start":{"line":78,"column":2},"end":{"line":78,"column":null}},"32":{"start":{"line":80,"column":15},"end":{"line":80,"column":null}},"33":{"start":{"line":80,"column":8},"end":{"line":80,"column":null}},"34":{"start":{"line":82,"column":2},"end":{"line":84,"column":null}},"35":{"start":{"line":83,"column":4},"end":{"line":83,"column":null}},"36":{"start":{"line":86,"column":2},"end":{"line":86,"column":null}},"37":{"start":{"line":76,"column":0},"end":{"line":76,"column":22}}},"fnMap":{"0":{"name":"createUserHandler","decl":{"start":{"line":12,"column":22},"end":{"line":12,"column":39}},"loc":{"start":{"line":12,"column":67},"end":{"line":67,"column":null}}},"1":{"name":"getCurrentUserHandler","decl":{"start":{"line":69,"column":22},"end":{"line":69,"column":43}},"loc":{"start":{"line":69,"column":71},"end":{"line":74,"column":null}}},"2":{"name":"getUserByEmail","decl":{"start":{"line":76,"column":22},"end":{"line":76,"column":36}},"loc":{"start":{"line":76,"column":64},"end":{"line":87,"column":null}}}},"branchMap":{"0":{"loc":{"start":{"line":20,"column":6},"end":{"line":20,"column":10}},"type":"if","locations":[{"start":{"line":20,"column":6},"end":{"line":20,"column":10}}]},"1":{"loc":{"start":{"line":23,"column":8},"end":{"line":23,"column":17}},"type":"if","locations":[{"start":{"line":23,"column":8},"end":{"line":23,"column":17}}]},"2":{"loc":{"start":{"line":23,"column":8},"end":{"line":23,"column":74}},"type":"binary-expr","locations":[{"start":{"line":23,"column":8},"end":{"line":23,"column":17}},{"start":{"line":23,"column":21},"end":{"line":23,"column":29}},{"start":{"line":23,"column":33},"end":{"line":23,"column":38}},{"start":{"line":23,"column":42},"end":{"line":23,"column":50}},{"start":{"line":23,"column":54},"end":{"line":23,"column":74}}]},"3":{"loc":{"start":{"line":26,"column":10},"end":{"line":26,"column":18}},"type":"if","locations":[{"start":{"line":26,"column":10},"end":{"line":26,"column":18}}]},"4":{"loc":{"start":{"line":39,"column":10},"end":{"line":46,"column":null}},"type":"if","locations":[{"start":{"line":39,"column":10},"end":{"line":46,"column":null}}]},"5":{"loc":{"start":{"line":82,"column":2},"end":{"line":84,"column":null}},"type":"if","locations":[{"start":{"line":82,"column":2},"end":{"line":84,"column":null}}]}},"s":{"0":2,"1":2,"2":2,"3":2,"4":2,"5":2,"6":2,"7":4,"8":0,"9":2,"10":2,"11":2,"12":2,"13":2,"14":2,"15":2,"16":2,"17":2,"18":2,"19":2,"20":0,"21":0,"22":0,"23":0,"24":2,"25":0,"26":0,"27":0,"28":0,"29":2,"30":0,"31":0,"32":0,"33":0,"34":0,"35":0,"36":0,"37":2},"f":{"0":2,"1":0,"2":0},"b":{"0":[2],"1":[0],"2":[2,2,2,2,2],"3":[0],"4":[2],"5":[0]}}
,"D:\\finalWorkspace\\development\\boilerplates\\react\\autht\\backend\\src\\middleware\\requireUser.ts": {"path":"D:\\finalWorkspace\\development\\boilerplates\\react\\autht\\backend\\src\\middleware\\requireUser.ts","statementMap":{"0":{"start":{"line":3,"column":0},"end":{"line":3,"column":52}},"1":{"start":{"line":5,"column":0},"end":{"line":5,"column":61}},"2":{"start":{"line":7,"column":20},"end":{"line":49,"column":null}},"3":{"start":{"line":7,"column":74},"end":{"line":49,"column":null}},"4":{"start":{"line":8,"column":8},"end":{"line":8,"column":null}},"5":{"start":{"line":9,"column":2},"end":{"line":9,"column":null}},"6":{"start":{"line":11,"column":2},"end":{"line":11,"column":null}},"7":{"start":{"line":11,"column":21},"end":{"line":11,"column":null}},"8":{"start":{"line":12,"column":8},"end":{"line":12,"column":null}},"9":{"start":{"line":14,"column":8},"end":{"line":14,"column":null}},"10":{"start":{"line":15,"column":2},"end":{"line":15,"column":null}},"11":{"start":{"line":16,"column":2},"end":{"line":18,"column":null}},"12":{"start":{"line":17,"column":4},"end":{"line":17,"column":null}},"13":{"start":{"line":20,"column":8},"end":{"line":20,"column":null}},"14":{"start":{"line":22,"column":2},"end":{"line":24,"column":null}},"15":{"start":{"line":23,"column":4},"end":{"line":23,"column":null}},"16":{"start":{"line":26,"column":8},"end":{"line":26,"column":36}},"17":{"start":{"line":28,"column":2},"end":{"line":32,"column":null}},"18":{"start":{"line":29,"column":4},"end":{"line":29,"column":null}},"19":{"start":{"line":30,"column":4},"end":{"line":30,"column":null}},"20":{"start":{"line":31,"column":4},"end":{"line":31,"column":null}},"21":{"start":{"line":34,"column":6},"end":{"line":34,"column":13}},"22":{"start":{"line":35,"column":27},"end":{"line":35,"column":null}},"23":{"start":{"line":35,"column":10},"end":{"line":35,"column":null}},"24":{"start":{"line":37,"column":4},"end":{"line":39,"column":null}},"25":{"start":{"line":38,"column":6},"end":{"line":38,"column":null}},"26":{"start":{"line":40,"column":10},"end":{"line":40,"column":null}},"27":{"start":{"line":41,"column":4},"end":{"line":41,"column":null}},"28":{"start":{"line":42,"column":4},"end":{"line":42,"column":null}},"29":{"start":{"line":45,"column":4},"end":{"line":45,"column":null}},"30":{"start":{"line":48,"column":2},"end":{"line":48,"column":null}},"31":{"start":{"line":51,"column":0},"end":{"line":51,"column":null}}},"fnMap":{"0":{"name":"(anonymous_13)","decl":{"start":{"line":7,"column":20},"end":{"line":7,"column":27}},"loc":{"start":{"line":7,"column":74},"end":{"line":49,"column":null}}},"1":{"name":"(anonymous_14)","decl":{"start":{"line":7,"column":74},"end":{"line":7,"column":null}},"loc":{"start":{"line":7,"column":74},"end":{"line":49,"column":null}}}},"branchMap":{"0":{"loc":{"start":{"line":48,"column":2},"end":{"line":48,"column":null}},"type":"switch","locations":[{"start":{"line":48,"column":2},"end":{"line":48,"column":null}}]},"1":{"loc":{"start":{"line":11,"column":2},"end":{"line":11,"column":null}},"type":"if","locations":[{"start":{"line":11,"column":2},"end":{"line":11,"column":null}}]},"2":{"loc":{"start":{"line":11,"column":7},"end":{"line":11,"column":19}},"type":"cond-expr","locations":[{"start":{"line":11,"column":14},"end":{"line":11,"column":16}},{"start":{"line":11,"column":7},"end":{"line":11,"column":19}}]},"3":{"loc":{"start":{"line":11,"column":7},"end":{"line":11,"column":16}},"type":"binary-expr","locations":[{"start":{"line":11,"column":7},"end":{"line":11,"column":16}},{"start":{"line":11,"column":7},"end":{"line":11,"column":16}}]},"4":{"loc":{"start":{"line":16,"column":2},"end":{"line":18,"column":null}},"type":"if","locations":[{"start":{"line":16,"column":2},"end":{"line":18,"column":null}}]},"5":{"loc":{"start":{"line":16,"column":7},"end":{"line":16,"column":40}},"type":"cond-expr","locations":[{"start":{"line":16,"column":17},"end":{"line":16,"column":19}},{"start":{"line":16,"column":7},"end":{"line":16,"column":40}}]},"6":{"loc":{"start":{"line":16,"column":7},"end":{"line":16,"column":19}},"type":"binary-expr","locations":[{"start":{"line":16,"column":7},"end":{"line":16,"column":19}},{"start":{"line":16,"column":7},"end":{"line":16,"column":19}}]},"7":{"loc":{"start":{"line":20,"column":22},"end":{"line":20,"column":47}},"type":"cond-expr","locations":[{"start":{"line":20,"column":32},"end":{"line":20,"column":34}},{"start":{"line":20,"column":22},"end":{"line":20,"column":47}}]},"8":{"loc":{"start":{"line":20,"column":22},"end":{"line":20,"column":34}},"type":"binary-expr","locations":[{"start":{"line":20,"column":22},"end":{"line":20,"column":34}},{"start":{"line":20,"column":22},"end":{"line":20,"column":34}}]},"9":{"loc":{"start":{"line":22,"column":2},"end":{"line":24,"column":null}},"type":"if","locations":[{"start":{"line":22,"column":2},"end":{"line":24,"column":null}}]},"10":{"loc":{"start":{"line":28,"column":2},"end":{"line":32,"column":null}},"type":"if","locations":[{"start":{"line":28,"column":2},"end":{"line":32,"column":null}}]},"11":{"loc":{"start":{"line":34,"column":6},"end":{"line":34,"column":13}},"type":"if","locations":[{"start":{"line":34,"column":6},"end":{"line":34,"column":13}}]},"12":{"loc":{"start":{"line":34,"column":6},"end":{"line":34,"column":29}},"type":"binary-expr","locations":[{"start":{"line":34,"column":6},"end":{"line":34,"column":13}},{"start":{"line":34,"column":17},"end":{"line":34,"column":29}}]},"13":{"loc":{"start":{"line":37,"column":4},"end":{"line":39,"column":null}},"type":"if","locations":[{"start":{"line":37,"column":4},"end":{"line":39,"column":null}}]}},"s":{"0":2,"1":2,"2":2,"3":7,"4":7,"5":7,"6":7,"7":2,"8":5,"9":5,"10":5,"11":5,"12":0,"13":5,"14":5,"15":0,"16":5,"17":5,"18":5,"19":5,"20":5,"21":0,"22":0,"23":0,"24":0,"25":0,"26":0,"27":0,"28":0,"29":0,"30":0,"31":2},"f":{"0":7,"1":7},"b":{"0":[0],"1":[2],"2":[0,7],"3":[7,7],"4":[0],"5":[0,5],"6":[5,5],"7":[0,5],"8":[5,5],"9":[0],"10":[5],"11":[0],"12":[0,0],"13":[0]}}
,"D:\\finalWorkspace\\development\\boilerplates\\react\\autht\\backend\\src\\models\\product.model.ts": {"path":"D:\\finalWorkspace\\development\\boilerplates\\react\\autht\\backend\\src\\models\\product.model.ts","statementMap":{"0":{"start":{"line":3,"column":0},"end":{"line":3,"column":null}},"1":{"start":{"line":11,"column":0},"end":{"line":11,"column":35}},"2":{"start":{"line":32,"column":0},"end":{"line":32,"column":13}},"3":{"start":{"line":41,"column":2},"end":{"line":41,"column":null}},"4":{"start":{"line":40,"column":21},"end":{"line":40,"column":27}},"5":{"start":{"line":44,"column":2},"end":{"line":44,"column":null}},"6":{"start":{"line":47,"column":2},"end":{"line":47,"column":null}},"7":{"start":{"line":50,"column":2},"end":{"line":50,"column":null}},"8":{"start":{"line":53,"column":2},"end":{"line":53,"column":null}},"9":{"start":{"line":56,"column":2},"end":{"line":56,"column":null}},"10":{"start":{"line":32,"column":13},"end":{"line":57,"column":null}},"11":{"start":{"line":57,"column":0},"end":{"line":57,"column":null}},"12":{"start":{"line":59,"column":21},"end":{"line":59,"column":46}},"13":{"start":{"line":61,"column":0},"end":{"line":61,"column":null}}},"fnMap":{"0":{"name":"(anonymous_2)","decl":{"start":{"line":32,"column":0},"end":{"line":32,"column":13}},"loc":{"start":{"line":32,"column":0},"end":{"line":32,"column":13}}},"1":{"name":"(anonymous_4)","decl":{"start":{"line":40,"column":15},"end":{"line":40,"column":21}},"loc":{"start":{"line":40,"column":15},"end":{"line":40,"column":25}}}},"branchMap":{},"s":{"0":2,"1":2,"2":2,"3":2,"4":0,"5":2,"6":2,"7":2,"8":2,"9":2,"10":2,"11":2,"12":2,"13":2},"f":{"0":2,"1":0},"b":{}}
,"D:\\finalWorkspace\\development\\boilerplates\\react\\autht\\backend\\src\\models\\session.model.ts": {"path":"D:\\finalWorkspace\\development\\boilerplates\\react\\autht\\backend\\src\\models\\session.model.ts","statementMap":{"0":{"start":{"line":1,"column":0},"end":{"line":1,"column":67}},"1":{"start":{"line":2,"column":0},"end":{"line":2,"column":36}},"2":{"start":{"line":4,"column":0},"end":{"line":4,"column":null}},"3":{"start":{"line":6,"column":2},"end":{"line":6,"column":null}},"4":{"start":{"line":5,"column":21},"end":{"line":5,"column":27}},"5":{"start":{"line":9,"column":2},"end":{"line":9,"column":null}},"6":{"start":{"line":12,"column":2},"end":{"line":12,"column":null}},"7":{"start":{"line":15,"column":2},"end":{"line":15,"column":null}},"8":{"start":{"line":18,"column":2},"end":{"line":18,"column":null}},"9":{"start":{"line":19,"column":0},"end":{"line":19,"column":null}},"10":{"start":{"line":21,"column":21},"end":{"line":25,"column":2}},"11":{"start":{"line":27,"column":0},"end":{"line":27,"column":28}}},"fnMap":{"0":{"name":"(anonymous_2)","decl":{"start":{"line":4,"column":0},"end":{"line":4,"column":null}},"loc":{"start":{"line":4,"column":0},"end":{"line":4,"column":null}}},"1":{"name":"(anonymous_4)","decl":{"start":{"line":5,"column":15},"end":{"line":5,"column":21}},"loc":{"start":{"line":5,"column":15},"end":{"line":5,"column":25}}}},"branchMap":{},"s":{"0":2,"1":2,"2":2,"3":2,"4":0,"5":2,"6":2,"7":2,"8":2,"9":2,"10":2,"11":2},"f":{"0":2,"1":0},"b":{}}
,"D:\\finalWorkspace\\development\\boilerplates\\react\\autht\\backend\\src\\models\\user.model.ts": {"path":"D:\\finalWorkspace\\development\\boilerplates\\react\\autht\\backend\\src\\models\\user.model.ts","statementMap":{"0":{"start":{"line":4,"column":0},"end":{"line":4,"column":null}},"1":{"start":{"line":41,"column":0},"end":{"line":41,"column":13}},"2":{"start":{"line":43,"column":2},"end":{"line":43,"column":null}},"3":{"start":{"line":46,"column":2},"end":{"line":46,"column":null}},"4":{"start":{"line":49,"column":2},"end":{"line":49,"column":null}},"5":{"start":{"line":52,"column":2},"end":{"line":52,"column":null}},"6":{"start":{"line":55,"column":2},"end":{"line":55,"column":null}},"7":{"start":{"line":58,"column":2},"end":{"line":58,"column":null}},"8":{"start":{"line":41,"column":13},"end":{"line":81,"column":null}},"9":{"start":{"line":81,"column":0},"end":{"line":81,"column":null}},"10":{"start":{"line":83,"column":18},"end":{"line":83,"column":40}},"11":{"start":{"line":85,"column":0},"end":{"line":85,"column":null}}},"fnMap":{"0":{"name":"(anonymous_2)","decl":{"start":{"line":41,"column":0},"end":{"line":41,"column":13}},"loc":{"start":{"line":41,"column":0},"end":{"line":41,"column":13}}}},"branchMap":{},"s":{"0":2,"1":2,"2":2,"3":2,"4":2,"5":2,"6":2,"7":2,"8":2,"9":2,"10":2,"11":2},"f":{"0":2},"b":{}}
,"D:\\finalWorkspace\\development\\boilerplates\\react\\autht\\backend\\src\\routes\\productRoutes.ts": {"path":"D:\\finalWorkspace\\development\\boilerplates\\react\\autht\\backend\\src\\routes\\productRoutes.ts","statementMap":{"0":{"start":{"line":1,"column":0},"end":{"line":1,"column":29}},"1":{"start":{"line":2,"column":0},"end":{"line":2,"column":null}},"2":{"start":{"line":9,"column":0},"end":{"line":9,"column":51}},"3":{"start":{"line":11,"column":15},"end":{"line":11,"column":31}},"4":{"start":{"line":13,"column":0},"end":{"line":16,"column":null}},"5":{"start":{"line":18,"column":0},"end":{"line":18,"column":null}},"6":{"start":{"line":20,"column":0},"end":{"line":25,"column":null}},"7":{"start":{"line":27,"column":0},"end":{"line":31,"column":null}},"8":{"start":{"line":33,"column":0},"end":{"line":33,"column":null}}},"fnMap":{},"branchMap":{},"s":{"0":2,"1":2,"2":2,"3":2,"4":2,"5":2,"6":2,"7":2,"8":2},"f":{},"b":{}}
,"D:\\finalWorkspace\\development\\boilerplates\\react\\autht\\backend\\src\\routes\\root.ts": {"path":"D:\\finalWorkspace\\development\\boilerplates\\react\\autht\\backend\\src\\routes\\root.ts","statementMap":{"0":{"start":{"line":1,"column":0},"end":{"line":1,"column":29}},"1":{"start":{"line":3,"column":15},"end":{"line":3,"column":31}},"2":{"start":{"line":5,"column":0},"end":{"line":5,"column":null}},"3":{"start":{"line":5,"column":30},"end":{"line":5,"column":50}},"4":{"start":{"line":7,"column":0},"end":{"line":7,"column":null}}},"fnMap":{"0":{"name":"(anonymous_1)","decl":{"start":{"line":5,"column":16},"end":{"line":5,"column":17}},"loc":{"start":{"line":5,"column":25},"end":{"line":5,"column":33}}}},"branchMap":{},"s":{"0":2,"1":2,"2":2,"3":0,"4":2},"f":{"0":0},"b":{}}
,"D:\\finalWorkspace\\development\\boilerplates\\react\\autht\\backend\\src\\routes\\sessionRoutes.ts": {"path":"D:\\finalWorkspace\\development\\boilerplates\\react\\autht\\backend\\src\\routes\\sessionRoutes.ts","statementMap":{"0":{"start":{"line":1,"column":0},"end":{"line":1,"column":29}},"1":{"start":{"line":2,"column":0},"end":{"line":2,"column":null}},"2":{"start":{"line":7,"column":0},"end":{"line":7,"column":51}},"3":{"start":{"line":9,"column":15},"end":{"line":9,"column":31}},"4":{"start":{"line":11,"column":0},"end":{"line":15,"column":null}},"5":{"start":{"line":17,"column":0},"end":{"line":17,"column":null}}},"fnMap":{},"branchMap":{},"s":{"0":2,"1":2,"2":2,"3":2,"4":2,"5":2},"f":{},"b":{}}
,"D:\\finalWorkspace\\development\\boilerplates\\react\\autht\\backend\\src\\routes\\userRoutes.ts": {"path":"D:\\finalWorkspace\\development\\boilerplates\\react\\autht\\backend\\src\\routes\\userRoutes.ts","statementMap":{"0":{"start":{"line":1,"column":0},"end":{"line":1,"column":29}},"1":{"start":{"line":2,"column":0},"end":{"line":2,"column":null}},"2":{"start":{"line":8,"column":15},"end":{"line":8,"column":31}},"3":{"start":{"line":10,"column":0},"end":{"line":10,"column":null}},"4":{"start":{"line":13,"column":0},"end":{"line":13,"column":null}}},"fnMap":{},"branchMap":{},"s":{"0":2,"1":2,"2":2,"3":2,"4":2},"f":{},"b":{}}
,"D:\\finalWorkspace\\development\\boilerplates\\react\\autht\\backend\\src\\service\\product.service.ts": {"path":"D:\\finalWorkspace\\development\\boilerplates\\react\\autht\\backend\\src\\service\\product.service.ts","statementMap":{"0":{"start":{"line":2,"column":0},"end":{"line":2,"column":68}},"1":{"start":{"line":6,"column":19},"end":{"line":6,"column":null}},"2":{"start":{"line":6,"column":10},"end":{"line":6,"column":null}},"3":{"start":{"line":8,"column":4},"end":{"line":8,"column":null}},"4":{"start":{"line":10,"column":4},"end":{"line":10,"column":null}},"5":{"start":{"line":4,"column":0},"end":{"line":4,"column":22}},"6":{"start":{"line":15,"column":19},"end":{"line":15,"column":null}},"7":{"start":{"line":15,"column":10},"end":{"line":15,"column":null}},"8":{"start":{"line":17,"column":4},"end":{"line":17,"column":null}},"9":{"start":{"line":19,"column":4},"end":{"line":19,"column":null}},"10":{"start":{"line":13,"column":0},"end":{"line":13,"column":22}},"11":{"start":{"line":24,"column":2},"end":{"line":24,"column":null}},"12":{"start":{"line":27,"column":19},"end":{"line":27,"column":null}},"13":{"start":{"line":27,"column":10},"end":{"line":27,"column":null}},"14":{"start":{"line":29,"column":4},"end":{"line":29,"column":null}},"15":{"start":{"line":31,"column":4},"end":{"line":31,"column":null}},"16":{"start":{"line":22,"column":0},"end":{"line":22,"column":22}},"17":{"start":{"line":40,"column":2},"end":{"line":40,"column":null}},"18":{"start":{"line":35,"column":0},"end":{"line":35,"column":22}},"19":{"start":{"line":44,"column":2},"end":{"line":44,"column":null}},"20":{"start":{"line":43,"column":0},"end":{"line":43,"column":22}}},"fnMap":{"0":{"name":"createProduct","decl":{"start":{"line":4,"column":22},"end":{"line":4,"column":35}},"loc":{"start":{"line":4,"column":55},"end":{"line":12,"column":null}}},"1":{"name":"getProducts","decl":{"start":{"line":13,"column":22},"end":{"line":13,"column":33}},"loc":{"start":{"line":13,"column":33},"end":{"line":21,"column":null}}},"2":{"name":"findProduct","decl":{"start":{"line":22,"column":22},"end":{"line":22,"column":33}},"loc":{"start":{"line":24,"column":40},"end":{"line":33,"column":null}}},"3":{"name":"findAndUpdateProduct","decl":{"start":{"line":35,"column":22},"end":{"line":35,"column":42}},"loc":{"start":{"line":38,"column":23},"end":{"line":41,"column":null}}},"4":{"name":"deleteProduct","decl":{"start":{"line":43,"column":22},"end":{"line":43,"column":35}},"loc":{"start":{"line":43,"column":68},"end":{"line":45,"column":null}}}},"branchMap":{"0":{"loc":{"start":{"line":24,"column":2},"end":{"line":24,"column":null}},"type":"if","locations":[{"start":{"line":24,"column":2},"end":{"line":24,"column":null}}]}},"s":{"0":2,"1":1,"2":1,"3":1,"4":0,"5":2,"6":1,"7":1,"8":1,"9":0,"10":2,"11":6,"12":3,"13":3,"14":3,"15":0,"16":2,"17":1,"18":2,"19":1,"20":2},"f":{"0":1,"1":1,"2":3,"3":1,"4":1},"b":{"0":[3]}}
,"D:\\finalWorkspace\\development\\boilerplates\\react\\autht\\backend\\src\\service\\session.service.ts": {"path":"D:\\finalWorkspace\\development\\boilerplates\\react\\autht\\backend\\src\\service\\session.service.ts","statementMap":{"0":{"start":{"line":2,"column":0},"end":{"line":2,"column":63}},"1":{"start":{"line":5,"column":18},"end":{"line":5,"column":null}},"2":{"start":{"line":5,"column":8},"end":{"line":5,"column":null}},"3":{"start":{"line":7,"column":2},"end":{"line":7,"column":null}},"4":{"start":{"line":4,"column":0},"end":{"line":4,"column":22}},"5":{"start":{"line":11,"column":2},"end":{"line":11,"column":null}},"6":{"start":{"line":10,"column":0},"end":{"line":10,"column":22}},"7":{"start":{"line":18,"column":2},"end":{"line":18,"column":null}},"8":{"start":{"line":19,"column":2},"end":{"line":19,"column":null}},"9":{"start":{"line":14,"column":0},"end":{"line":14,"column":22}}},"fnMap":{"0":{"name":"createSession","decl":{"start":{"line":4,"column":22},"end":{"line":4,"column":35}},"loc":{"start":{"line":4,"column":69},"end":{"line":8,"column":null}}},"1":{"name":"findSessions","decl":{"start":{"line":10,"column":22},"end":{"line":10,"column":34}},"loc":{"start":{"line":10,"column":62},"end":{"line":12,"column":null}}},"2":{"name":"updateSession","decl":{"start":{"line":14,"column":22},"end":{"line":14,"column":35}},"loc":{"start":{"line":16,"column":30},"end":{"line":20,"column":null}}}},"branchMap":{"0":{"loc":{"start":{"line":5,"column":18},"end":{"line":5,"column":null}},"type":"switch","locations":[{"start":{"line":5,"column":18},"end":{"line":5,"column":null}}]}},"s":{"0":2,"1":2,"2":2,"3":2,"4":2,"5":2,"6":2,"7":0,"8":0,"9":2},"f":{"0":2,"1":2,"2":0},"b":{"0":[2]}}
,"D:\\finalWorkspace\\development\\boilerplates\\react\\autht\\backend\\src\\service\\user.service.ts": {"path":"D:\\finalWorkspace\\development\\boilerplates\\react\\autht\\backend\\src\\service\\user.service.ts","statementMap":{"0":{"start":{"line":3,"column":0},"end":{"line":3,"column":54}},"1":{"start":{"line":17,"column":2},"end":{"line":17,"column":null}},"2":{"start":{"line":16,"column":0},"end":{"line":16,"column":16}},"3":{"start":{"line":21,"column":2},"end":{"line":21,"column":null}},"4":{"start":{"line":20,"column":0},"end":{"line":20,"column":22}},"5":{"start":{"line":25,"column":2},"end":{"line":25,"column":null}},"6":{"start":{"line":24,"column":0},"end":{"line":24,"column":16}},"7":{"start":{"line":28,"column":2},"end":{"line":28,"column":null}},"8":{"start":{"line":27,"column":0},"end":{"line":27,"column":16}}},"fnMap":{"0":{"name":"createUser","decl":{"start":{"line":16,"column":16},"end":{"line":16,"column":26}},"loc":{"start":{"line":16,"column":43},"end":{"line":18,"column":1}}},"1":{"name":"findUser","decl":{"start":{"line":20,"column":22},"end":{"line":20,"column":30}},"loc":{"start":{"line":20,"column":55},"end":{"line":22,"column":null}}},"2":{"name":"findUserByEmail","decl":{"start":{"line":24,"column":16},"end":{"line":24,"column":31}},"loc":{"start":{"line":24,"column":45},"end":{"line":26,"column":1}}},"3":{"name":"findUserById","decl":{"start":{"line":27,"column":16},"end":{"line":27,"column":28}},"loc":{"start":{"line":27,"column":39},"end":{"line":29,"column":1}}}},"branchMap":{},"s":{"0":2,"1":2,"2":2,"3":0,"4":2,"5":0,"6":2,"7":0,"8":2},"f":{"0":2,"1":0,"2":0,"3":0},"b":{}}
,"D:\\finalWorkspace\\development\\boilerplates\\react\\autht\\backend\\src\\utils\\GetNewAccestoken.ts": {"path":"D:\\finalWorkspace\\development\\boilerplates\\react\\autht\\backend\\src\\utils\\GetNewAccestoken.ts","statementMap":{"0":{"start":{"line":1,"column":0},"end":{"line":1,"column":50}},"1":{"start":{"line":2,"column":0},"end":{"line":2,"column":50}},"2":{"start":{"line":3,"column":0},"end":{"line":3,"column":61}},"3":{"start":{"line":6,"column":14},"end":{"line":6,"column":null}},"4":{"start":{"line":10,"column":8},"end":{"line":10,"column":36}},"5":{"start":{"line":12,"column":2},"end":{"line":12,"column":null}},"6":{"start":{"line":12,"column":16},"end":{"line":12,"column":null}},"7":{"start":{"line":14,"column":18},"end":{"line":14,"column":null}},"8":{"start":{"line":14,"column":8},"end":{"line":14,"column":null}},"9":{"start":{"line":16,"column":2},"end":{"line":16,"column":null}},"10":{"start":{"line":16,"column":34},"end":{"line":16,"column":null}},"11":{"start":{"line":18,"column":15},"end":{"line":18,"column":null}},"12":{"start":{"line":18,"column":8},"end":{"line":18,"column":null}},"13":{"start":{"line":20,"column":2},"end":{"line":20,"column":null}},"14":{"start":{"line":20,"column":13},"end":{"line":20,"column":null}},"15":{"start":{"line":22,"column":8},"end":{"line":25,"column":null}},"16":{"start":{"line":27,"column":2},"end":{"line":27,"column":null}},"17":{"start":{"line":5,"column":0},"end":{"line":5,"column":22}}},"fnMap":{"0":{"name":"GetNewAccessToken","decl":{"start":{"line":5,"column":22},"end":{"line":5,"column":39}},"loc":{"start":{"line":9,"column":1},"end":{"line":28,"column":null}}}},"branchMap":{"0":{"loc":{"start":{"line":12,"column":2},"end":{"line":12,"column":null}},"type":"if","locations":[{"start":{"line":12,"column":2},"end":{"line":12,"column":null}}]},"1":{"loc":{"start":{"line":16,"column":2},"end":{"line":16,"column":null}},"type":"if","locations":[{"start":{"line":16,"column":2},"end":{"line":16,"column":null}}]},"2":{"loc":{"start":{"line":16,"column":6},"end":{"line":16,"column":32}},"type":"binary-expr","locations":[{"start":{"line":16,"column":6},"end":{"line":16,"column":14}},{"start":{"line":16,"column":18},"end":{"line":16,"column":32}}]},"3":{"loc":{"start":{"line":20,"column":2},"end":{"line":20,"column":null}},"type":"if","locations":[{"start":{"line":20,"column":2},"end":{"line":20,"column":null}}]}},"s":{"0":2,"1":2,"2":2,"3":0,"4":0,"5":0,"6":0,"7":0,"8":0,"9":0,"10":0,"11":0,"12":0,"13":0,"14":0,"15":0,"16":0,"17":2},"f":{"0":0},"b":{"0":[0],"1":[0],"2":[0,0],"3":[0]}}
,"D:\\finalWorkspace\\development\\boilerplates\\react\\autht\\backend\\src\\utils\\bcrypt.utils.ts": {"path":"D:\\finalWorkspace\\development\\boilerplates\\react\\autht\\backend\\src\\utils\\bcrypt.utils.ts","statementMap":{"0":{"start":{"line":1,"column":0},"end":{"line":1,"column":27}},"1":{"start":{"line":3,"column":32},"end":{"line":7,"column":null}},"2":{"start":{"line":3,"column":66},"end":{"line":7,"column":null}},"3":{"start":{"line":4,"column":16},"end":{"line":4,"column":null}},"4":{"start":{"line":4,"column":8},"end":{"line":4,"column":null}},"5":{"start":{"line":6,"column":2},"end":{"line":6,"column":null}},"6":{"start":{"line":3,"column":13},"end":{"line":3,"column":32}}},"fnMap":{"0":{"name":"(anonymous_14)","decl":{"start":{"line":3,"column":32},"end":{"line":3,"column":39}},"loc":{"start":{"line":3,"column":66},"end":{"line":7,"column":null}}},"1":{"name":"(anonymous_15)","decl":{"start":{"line":3,"column":66},"end":{"line":3,"column":null}},"loc":{"start":{"line":3,"column":66},"end":{"line":7,"column":null}}}},"branchMap":{"0":{"loc":{"start":{"line":4,"column":16},"end":{"line":4,"column":null}},"type":"switch","locations":[{"start":{"line":4,"column":16},"end":{"line":4,"column":null}}]}},"s":{"0":2,"1":2,"2":2,"3":2,"4":2,"5":2,"6":2},"f":{"0":2,"1":2},"b":{"0":[2]}}
,"D:\\finalWorkspace\\development\\boilerplates\\react\\autht\\backend\\src\\utils\\connectDBForTesting.ts.ts": {"path":"D:\\finalWorkspace\\development\\boilerplates\\react\\autht\\backend\\src\\utils\\connectDBForTesting.ts.ts","statementMap":{"0":{"start":{"line":1,"column":0},"end":{"line":1,"column":31}},"1":{"start":{"line":5,"column":10},"end":{"line":6,"column":null}},"2":{"start":{"line":7,"column":10},"end":{"line":7,"column":null}},"3":{"start":{"line":8,"column":4},"end":{"line":11,"column":null}},"4":{"start":{"line":13,"column":4},"end":{"line":13,"column":null}},"5":{"start":{"line":3,"column":0},"end":{"line":3,"column":22}},"6":{"start":{"line":19,"column":4},"end":{"line":19,"column":null}},"7":{"start":{"line":21,"column":4},"end":{"line":21,"column":null}},"8":{"start":{"line":17,"column":0},"end":{"line":17,"column":22}}},"fnMap":{"0":{"name":"connectDBForTesting","decl":{"start":{"line":3,"column":22},"end":{"line":3,"column":41}},"loc":{"start":{"line":3,"column":41},"end":{"line":15,"column":null}}},"1":{"name":"disconnectDBForTesting","decl":{"start":{"line":17,"column":22},"end":{"line":17,"column":44}},"loc":{"start":{"line":17,"column":44},"end":{"line":23,"column":null}}}},"branchMap":{},"s":{"0":2,"1":2,"2":2,"3":4,"4":0,"5":2,"6":4,"7":0,"8":2},"f":{"0":2,"1":2},"b":{}}
,"D:\\finalWorkspace\\development\\boilerplates\\react\\autht\\backend\\src\\utils\\jwt.utils.ts": {"path":"D:\\finalWorkspace\\development\\boilerplates\\react\\autht\\backend\\src\\utils\\jwt.utils.ts","statementMap":{"0":{"start":{"line":1,"column":0},"end":{"line":1,"column":30}},"1":{"start":{"line":4,"column":2},"end":{"line":6,"column":null}},"2":{"start":{"line":3,"column":0},"end":{"line":3,"column":16}},"3":{"start":{"line":10,"column":2},"end":{"line":12,"column":null}},"4":{"start":{"line":9,"column":0},"end":{"line":9,"column":16}},"5":{"start":{"line":15,"column":2},"end":{"line":30,"column":null}},"6":{"start":{"line":16,"column":20},"end":{"line":16,"column":67}},"7":{"start":{"line":17,"column":4},"end":{"line":21,"column":null}},"8":{"start":{"line":23,"column":4},"end":{"line":23,"column":null}},"9":{"start":{"line":25,"column":4},"end":{"line":29,"column":null}},"10":{"start":{"line":14,"column":0},"end":{"line":14,"column":16}},"11":{"start":{"line":33,"column":2},"end":{"line":48,"column":null}},"12":{"start":{"line":34,"column":20},"end":{"line":34,"column":75}},"13":{"start":{"line":35,"column":4},"end":{"line":39,"column":null}},"14":{"start":{"line":41,"column":4},"end":{"line":41,"column":null}},"15":{"start":{"line":43,"column":4},"end":{"line":47,"column":null}},"16":{"start":{"line":32,"column":0},"end":{"line":32,"column":16}}},"fnMap":{"0":{"name":"signJwtAccess","decl":{"start":{"line":3,"column":16},"end":{"line":3,"column":29}},"loc":{"start":{"line":3,"column":54},"end":{"line":7,"column":1}}},"1":{"name":"signJwtRefresh","decl":{"start":{"line":9,"column":16},"end":{"line":9,"column":30}},"loc":{"start":{"line":9,"column":55},"end":{"line":13,"column":1}}},"2":{"name":"verifyJwtAccess","decl":{"start":{"line":14,"column":16},"end":{"line":14,"column":31}},"loc":{"start":{"line":14,"column":45},"end":{"line":31,"column":1}}},"3":{"name":"verifyJwtRefresh","decl":{"start":{"line":32,"column":16},"end":{"line":32,"column":32}},"loc":{"start":{"line":32,"column":46},"end":{"line":49,"column":1}}}},"branchMap":{"0":{"loc":{"start":{"line":4,"column":27},"end":{"line":4,"column":55}},"type":"binary-expr","locations":[{"start":{"line":4,"column":27},"end":{"line":4,"column":49}},{"start":{"line":4,"column":53},"end":{"line":4,"column":55}}]},"1":{"loc":{"start":{"line":10,"column":27},"end":{"line":10,"column":63}},"type":"binary-expr","locations":[{"start":{"line":10,"column":27},"end":{"line":10,"column":57}},{"start":{"line":10,"column":61},"end":{"line":10,"column":63}}]},"2":{"loc":{"start":{"line":16,"column":38},"end":{"line":16,"column":66}},"type":"binary-expr","locations":[{"start":{"line":16,"column":38},"end":{"line":16,"column":60}},{"start":{"line":16,"column":64},"end":{"line":16,"column":66}}]},"3":{"loc":{"start":{"line":34,"column":38},"end":{"line":34,"column":74}},"type":"binary-expr","locations":[{"start":{"line":34,"column":38},"end":{"line":34,"column":68}},{"start":{"line":34,"column":72},"end":{"line":34,"column":74}}]}},"s":{"0":2,"1":2,"2":2,"3":2,"4":2,"5":5,"6":5,"7":5,"8":0,"9":0,"10":2,"11":0,"12":0,"13":0,"14":0,"15":0,"16":2},"f":{"0":2,"1":2,"2":5,"3":0},"b":{"0":[2,0],"1":[2,0],"2":[5,0],"3":[0,0]}}
}
