TN:
SF:src\app.ts
FNF:0
FNH:0
DA:1,2
DA:2,2
DA:3,2
DA:9,2
DA:11,2
DA:12,2
DA:13,2
DA:14,2
DA:15,2
DA:17,2
DA:18,2
DA:19,2
DA:20,2
DA:21,2
DA:22,2
DA:23,2
DA:24,2
DA:25,2
LF:18
LH:18
BRF:0
BRH:0
end_of_record
TN:
SF:src\controllers\product.controller.ts
FN:11,createProductHandler
FN:20,updateProductHandler
FN:39,getProductsHandler
FN:48,getProductHandler
FN:59,deleteProductHandler
FNF:5
FNH:5
FNDA:1,createProductHandler
FNDA:1,updateProductHandler
FNDA:1,getProductsHandler
FNDA:1,getProductHandler
FNDA:1,deleteProductHandler
DA:3,2
DA:11,2
DA:12,1
DA:13,1
DA:15,1
DA:17,1
DA:20,2
DA:21,1
DA:23,1
DA:25,1
DA:27,1
DA:28,0
DA:32,1
DA:36,1
DA:39,2
DA:40,1
DA:42,1
DA:43,0
DA:46,1
DA:48,2
DA:49,1
DA:50,1
DA:52,1
DA:53,0
DA:56,1
DA:59,2
DA:60,1
DA:62,1
DA:64,1
DA:65,0
DA:68,2
DA:70,1
LF:32
LH:28
BRDA:27,0,0,0
BRDA:40,1,0,1
BRDA:42,2,0,0
BRDA:52,3,0,0
BRDA:64,4,0,0
BRF:5
BRH:1
end_of_record
TN:
SF:src\controllers\session.controller.ts
FN:13,createUserSessionHandler
FN:55,getUserSessionsHandler
FN:64,deleteSessionHandler
FNF:3
FNH:2
FNDA:2,createUserSessionHandler
FNDA:2,getUserSessionsHandler
FNDA:0,deleteSessionHandler
DA:3,2
DA:9,2
DA:10,2
DA:11,2
DA:13,2
DA:15,2
DA:16,2
DA:18,2
DA:19,0
DA:23,2
DA:30,2
DA:36,2
DA:45,2
DA:53,2
DA:55,2
DA:56,2
DA:58,2
DA:59,2
DA:60,2
DA:61,2
DA:64,2
DA:65,0
DA:67,0
DA:68,0
DA:75,0
LF:25
LH:20
BRDA:18,0,0,0
BRDA:18,1,0,2
BRDA:18,1,1,2
BRDA:25,2,0,2
BRDA:25,2,1,2
BRF:5
BRH:4
end_of_record
TN:
SF:src\controllers\user.controller.ts
FN:12,createUserHandler
FN:69,getCurrentUserHandler
FN:76,getUserByEmail
FNF:3
FNH:1
FNDA:2,createUserHandler
FNDA:0,getCurrentUserHandler
FNDA:0,getUserByEmail
DA:2,2
DA:4,2
DA:10,2
DA:12,2
DA:13,2
DA:15,2
DA:19,2
DA:20,4
DA:21,0
DA:23,2
DA:24,2
DA:26,2
DA:28,2
DA:29,2
DA:31,2
DA:39,2
DA:40,2
DA:54,0
DA:55,0
DA:58,0
DA:64,0
DA:69,2
DA:70,0
DA:71,0
DA:73,0
DA:76,2
DA:77,0
DA:78,0
DA:80,0
DA:82,0
DA:83,0
DA:86,0
LF:32
LH:18
BRDA:20,0,0,2
BRDA:23,1,0,0
BRDA:23,2,0,2
BRDA:23,2,1,2
BRDA:23,2,2,2
BRDA:23,2,3,2
BRDA:23,2,4,2
BRDA:26,3,0,0
BRDA:39,4,0,2
BRDA:82,5,0,0
BRF:10
BRH:7
end_of_record
TN:
SF:src\middleware\requireUser.ts
FN:7,(anonymous_13)
FN:7,(anonymous_14)
FNF:2
FNH:2
FNDA:7,(anonymous_13)
FNDA:7,(anonymous_14)
DA:3,2
DA:5,2
DA:7,7
DA:8,7
DA:9,7
DA:11,7
DA:12,5
DA:14,5
DA:15,5
DA:16,5
DA:17,0
DA:20,5
DA:22,5
DA:23,0
DA:26,5
DA:28,5
DA:29,5
DA:30,5
DA:31,5
DA:34,0
DA:35,0
DA:37,0
DA:38,0
DA:40,0
DA:41,0
DA:42,0
DA:45,0
DA:48,0
DA:51,2
LF:29
LH:18
BRDA:48,0,0,0
BRDA:11,1,0,2
BRDA:11,2,0,0
BRDA:11,2,1,7
BRDA:11,3,0,7
BRDA:11,3,1,7
BRDA:16,4,0,0
BRDA:16,5,0,0
BRDA:16,5,1,5
BRDA:16,6,0,5
BRDA:16,6,1,5
BRDA:20,7,0,0
BRDA:20,7,1,5
BRDA:20,8,0,5
BRDA:20,8,1,5
BRDA:22,9,0,0
BRDA:28,10,0,5
BRDA:34,11,0,0
BRDA:34,12,0,0
BRDA:34,12,1,0
BRDA:37,13,0,0
BRF:21
BRH:11
end_of_record
TN:
SF:src\models\product.model.ts
FN:32,(anonymous_2)
FN:40,(anonymous_4)
FNF:2
FNH:1
FNDA:2,(anonymous_2)
FNDA:0,(anonymous_4)
DA:3,2
DA:11,2
DA:32,2
DA:40,0
DA:41,2
DA:44,2
DA:47,2
DA:50,2
DA:53,2
DA:56,2
DA:57,2
DA:59,2
DA:61,2
LF:13
LH:12
BRF:0
BRH:0
end_of_record
TN:
SF:src\models\session.model.ts
FN:4,(anonymous_2)
FN:5,(anonymous_4)
FNF:2
FNH:1
FNDA:2,(anonymous_2)
FNDA:0,(anonymous_4)
DA:1,2
DA:2,2
DA:4,2
DA:5,0
DA:6,2
DA:9,2
DA:12,2
DA:15,2
DA:18,2
DA:19,2
DA:21,2
DA:27,2
LF:12
LH:11
BRF:0
BRH:0
end_of_record
TN:
SF:src\models\user.model.ts
FN:41,(anonymous_2)
FNF:1
FNH:1
FNDA:2,(anonymous_2)
DA:4,2
DA:41,2
DA:43,2
DA:46,2
DA:49,2
DA:52,2
DA:55,2
DA:58,2
DA:81,2
DA:83,2
DA:85,2
LF:11
LH:11
BRF:0
BRH:0
end_of_record
TN:
SF:src\routes\productRoutes.ts
FNF:0
FNH:0
DA:1,2
DA:2,2
DA:9,2
DA:11,2
DA:13,2
DA:18,2
DA:20,2
DA:27,2
DA:33,2
LF:9
LH:9
BRF:0
BRH:0
end_of_record
TN:
SF:src\routes\root.ts
FN:5,(anonymous_1)
FNF:1
FNH:0
FNDA:0,(anonymous_1)
DA:1,2
DA:3,2
DA:5,2
DA:7,2
LF:4
LH:4
BRF:0
BRH:0
end_of_record
TN:
SF:src\routes\sessionRoutes.ts
FNF:0
FNH:0
DA:1,2
DA:2,2
DA:7,2
DA:9,2
DA:11,2
DA:17,2
LF:6
LH:6
BRF:0
BRH:0
end_of_record
TN:
SF:src\routes\userRoutes.ts
FNF:0
FNH:0
DA:1,2
DA:2,2
DA:8,2
DA:10,2
DA:13,2
LF:5
LH:5
BRF:0
BRH:0
end_of_record
TN:
SF:src\service\product.service.ts
FN:4,createProduct
FN:13,getProducts
FN:22,findProduct
FN:35,findAndUpdateProduct
FN:43,deleteProduct
FNF:5
FNH:5
FNDA:1,createProduct
FNDA:1,getProducts
FNDA:3,findProduct
FNDA:1,findAndUpdateProduct
FNDA:1,deleteProduct
DA:2,2
DA:4,2
DA:6,1
DA:8,1
DA:10,0
DA:13,2
DA:15,1
DA:17,1
DA:19,0
DA:22,2
DA:24,6
DA:27,3
DA:29,3
DA:31,0
DA:35,2
DA:40,1
DA:43,2
DA:44,1
LF:18
LH:15
BRDA:24,0,0,3
BRF:1
BRH:1
end_of_record
TN:
SF:src\service\session.service.ts
FN:4,createSession
FN:10,findSessions
FN:14,updateSession
FNF:3
FNH:2
FNDA:2,createSession
FNDA:2,findSessions
FNDA:0,updateSession
DA:2,2
DA:4,2
DA:5,2
DA:7,2
DA:10,2
DA:11,2
DA:14,2
DA:18,0
DA:19,0
LF:9
LH:7
BRDA:5,0,0,2
BRF:1
BRH:1
end_of_record
TN:
SF:src\service\user.service.ts
FN:16,createUser
FN:20,findUser
FN:24,findUserByEmail
FN:27,findUserById
FNF:4
FNH:1
FNDA:2,createUser
FNDA:0,findUser
FNDA:0,findUserByEmail
FNDA:0,findUserById
DA:3,2
DA:16,2
DA:17,2
DA:20,2
DA:21,0
DA:24,2
DA:25,0
DA:27,2
DA:28,0
LF:9
LH:6
BRF:0
BRH:0
end_of_record
TN:
SF:src\utils\GetNewAccestoken.ts
FN:5,GetNewAccessToken
FNF:1
FNH:0
FNDA:0,GetNewAccessToken
DA:1,2
DA:2,2
DA:3,2
DA:5,2
DA:6,0
DA:10,0
DA:12,0
DA:14,0
DA:16,0
DA:18,0
DA:20,0
DA:22,0
DA:27,0
LF:13
LH:4
BRDA:12,0,0,0
BRDA:16,1,0,0
BRDA:16,2,0,0
BRDA:16,2,1,0
BRDA:20,3,0,0
BRF:5
BRH:0
end_of_record
TN:
SF:src\utils\bcrypt.utils.ts
FN:3,(anonymous_14)
FN:3,(anonymous_15)
FNF:2
FNH:2
FNDA:2,(anonymous_14)
FNDA:2,(anonymous_15)
DA:1,2
DA:3,2
DA:4,2
DA:6,2
LF:4
LH:4
BRDA:4,0,0,2
BRF:1
BRH:1
end_of_record
TN:
SF:src\utils\connectDBForTesting.ts.ts
FN:3,connectDBForTesting
FN:17,disconnectDBForTesting
FNF:2
FNH:2
FNDA:2,connectDBForTesting
FNDA:2,disconnectDBForTesting
DA:1,2
DA:3,2
DA:5,2
DA:7,2
DA:8,4
DA:13,0
DA:17,2
DA:19,4
DA:21,0
LF:9
LH:7
BRF:0
BRH:0
end_of_record
TN:
SF:src\utils\jwt.utils.ts
FN:3,signJwtAccess
FN:9,signJwtRefresh
FN:14,verifyJwtAccess
FN:32,verifyJwtRefresh
FNF:4
FNH:3
FNDA:2,signJwtAccess
FNDA:2,signJwtRefresh
FNDA:5,verifyJwtAccess
FNDA:0,verifyJwtRefresh
DA:1,2
DA:3,2
DA:4,2
DA:9,2
DA:10,2
DA:14,2
DA:15,5
DA:16,5
DA:17,5
DA:23,0
DA:25,0
DA:32,2
DA:33,0
DA:34,0
DA:35,0
DA:41,0
DA:43,0
LF:17
LH:10
BRDA:4,0,0,2
BRDA:4,0,1,0
BRDA:10,1,0,2
BRDA:10,1,1,0
BRDA:16,2,0,5
BRDA:16,2,1,0
BRDA:34,3,0,0
BRDA:34,3,1,0
BRF:8
BRH:3
end_of_record
